<?xml version="1.0" encoding="UTF-8"?>
<robot generator="Robot 7.1.1 (Python 3.11.9 on win32)" generated="2025-01-09T23:29:53.039096" rpa="false" schemaversion="5">
<suite id="s1" name="Invalid Login" source="D:\WebDemo-master\login_tests\invalid_login.robot">
<kw name="Open Browser To Login Page" owner="resource" type="SETUP">
<kw name="Open Browser" owner="SeleniumLibrary">
<msg time="2025-01-09T23:29:53.259049" level="INFO">Opening browser 'Chrome' to base url 'http://localhost:7272/'.</msg>
<arg>${LOGIN URL}</arg>
<arg>${BROWSER}</arg>
<doc>Opens a new browser instance to the optional ``url``.</doc>
<status status="PASS" start="2025-01-09T23:29:53.259049" elapsed="1.697441"/>
</kw>
<kw name="Maximize Browser Window" owner="SeleniumLibrary">
<doc>Maximizes current browser window.</doc>
<status status="PASS" start="2025-01-09T23:29:54.956490" elapsed="0.028924"/>
</kw>
<kw name="Set Selenium Speed" owner="SeleniumLibrary">
<arg>${DELAY}</arg>
<doc>Sets the delay that is waited after each Selenium command.</doc>
<status status="PASS" start="2025-01-09T23:29:54.985414" elapsed="0.000000"/>
</kw>
<kw name="Login Page Should Be Open" owner="resource">
<kw name="Title Should Be" owner="SeleniumLibrary">
<msg time="2025-01-09T23:29:54.989402" level="INFO">Page title is 'Login Page'.</msg>
<arg>Login Page</arg>
<doc>Verifies that the current page title equals ``title``.</doc>
<status status="PASS" start="2025-01-09T23:29:54.985414" elapsed="0.003988"/>
</kw>
<status status="PASS" start="2025-01-09T23:29:54.985414" elapsed="0.003988"/>
</kw>
<status status="PASS" start="2025-01-09T23:29:53.258052" elapsed="1.731350"/>
</kw>
<test id="s1-t1" name="Invalid Username" line="17">
<kw name="Go To Login Page" owner="resource" type="SETUP">
<kw name="Go To" owner="SeleniumLibrary">
<msg time="2025-01-09T23:29:54.990400" level="INFO">Opening url 'http://localhost:7272/'</msg>
<arg>${LOGIN URL}</arg>
<doc>Navigates the current browser window to the provided ``url``.</doc>
<status status="PASS" start="2025-01-09T23:29:54.990400" elapsed="0.008975"/>
</kw>
<kw name="Login Page Should Be Open" owner="resource">
<kw name="Title Should Be" owner="SeleniumLibrary">
<msg time="2025-01-09T23:29:55.002739" level="INFO">Page title is 'Login Page'.</msg>
<arg>Login Page</arg>
<doc>Verifies that the current page title equals ``title``.</doc>
<status status="PASS" start="2025-01-09T23:29:55.000236" elapsed="0.002503"/>
</kw>
<status status="PASS" start="2025-01-09T23:29:54.999375" elapsed="0.003364"/>
</kw>
<status status="PASS" start="2025-01-09T23:29:54.989402" elapsed="0.013337"/>
</kw>
<kw name="Login With Invalid Credentials Should Fail">
<kw name="Input Username" owner="resource">
<kw name="Input Text" owner="SeleniumLibrary">
<msg time="2025-01-09T23:29:55.003737" level="INFO">Typing text 'invalid' into text field 'username_field'.</msg>
<arg>username_field</arg>
<arg>${username}</arg>
<doc>Types the given ``text`` into the text field identified by ``locator``.</doc>
<status status="PASS" start="2025-01-09T23:29:55.003737" elapsed="0.074799"/>
</kw>
<arg>${username}</arg>
<status status="PASS" start="2025-01-09T23:29:55.003737" elapsed="0.074799"/>
</kw>
<kw name="Input Password" owner="resource">
<kw name="Input Text" owner="SeleniumLibrary">
<msg time="2025-01-09T23:29:55.078536" level="INFO">Typing text 'mode' into text field 'password_field'.</msg>
<arg>password_field</arg>
<arg>${password}</arg>
<doc>Types the given ``text`` into the text field identified by ``locator``.</doc>
<status status="PASS" start="2025-01-09T23:29:55.078536" elapsed="0.050146"/>
</kw>
<arg>${password}</arg>
<status status="PASS" start="2025-01-09T23:29:55.078536" elapsed="0.050146"/>
</kw>
<kw name="Submit Credentials" owner="resource">
<kw name="Click Button" owner="SeleniumLibrary">
<msg time="2025-01-09T23:29:55.129680" level="INFO">Clicking button 'login_button'.</msg>
<arg>login_button</arg>
<doc>Clicks the button identified by ``locator``.</doc>
<status status="PASS" start="2025-01-09T23:29:55.129680" elapsed="0.177941"/>
</kw>
<status status="PASS" start="2025-01-09T23:29:55.128682" elapsed="0.178939"/>
</kw>
<kw name="Login Should Have Failed">
<kw name="Location Should Be" owner="SeleniumLibrary">
<msg time="2025-01-09T23:29:55.311611" level="INFO">Current location is 'http://localhost:7272/error.html'.</msg>
<arg>${ERROR URL}</arg>
<doc>Verifies that the current URL is exactly ``url``.</doc>
<status status="PASS" start="2025-01-09T23:29:55.308618" elapsed="0.002993"/>
</kw>
<kw name="Title Should Be" owner="SeleniumLibrary">
<msg time="2025-01-09T23:29:55.314602" level="INFO">Page title is 'Error Page'.</msg>
<arg>Error Page</arg>
<doc>Verifies that the current page title equals ``title``.</doc>
<status status="PASS" start="2025-01-09T23:29:55.312607" elapsed="0.001995"/>
</kw>
<status status="PASS" start="2025-01-09T23:29:55.307621" elapsed="0.006981"/>
</kw>
<arg>invalid</arg>
<arg>${VALID PASSWORD}</arg>
<status status="PASS" start="2025-01-09T23:29:55.002739" elapsed="0.311863"/>
</kw>
<status status="PASS" start="2025-01-09T23:29:54.989402" elapsed="0.325200"/>
</test>
<test id="s1-t2" name="Invalid Password" line="18">
<kw name="Go To Login Page" owner="resource" type="SETUP">
<kw name="Go To" owner="SeleniumLibrary">
<msg time="2025-01-09T23:29:55.315599" level="INFO">Opening url 'http://localhost:7272/'</msg>
<arg>${LOGIN URL}</arg>
<doc>Navigates the current browser window to the provided ``url``.</doc>
<status status="PASS" start="2025-01-09T23:29:55.315599" elapsed="0.017097"/>
</kw>
<kw name="Login Page Should Be Open" owner="resource">
<kw name="Title Should Be" owner="SeleniumLibrary">
<msg time="2025-01-09T23:29:55.335687" level="INFO">Page title is 'Login Page'.</msg>
<arg>Login Page</arg>
<doc>Verifies that the current page title equals ``title``.</doc>
<status status="PASS" start="2025-01-09T23:29:55.332696" elapsed="0.002991"/>
</kw>
<status status="PASS" start="2025-01-09T23:29:55.332696" elapsed="0.003987"/>
</kw>
<status status="PASS" start="2025-01-09T23:29:55.315599" elapsed="0.021084"/>
</kw>
<kw name="Login With Invalid Credentials Should Fail">
<kw name="Input Username" owner="resource">
<kw name="Input Text" owner="SeleniumLibrary">
<msg time="2025-01-09T23:29:55.337680" level="INFO">Typing text 'demo' into text field 'username_field'.</msg>
<arg>username_field</arg>
<arg>${username}</arg>
<doc>Types the given ``text`` into the text field identified by ``locator``.</doc>
<status status="PASS" start="2025-01-09T23:29:55.336683" elapsed="0.045878"/>
</kw>
<arg>${username}</arg>
<status status="PASS" start="2025-01-09T23:29:55.336683" elapsed="0.045878"/>
</kw>
<kw name="Input Password" owner="resource">
<kw name="Input Text" owner="SeleniumLibrary">
<msg time="2025-01-09T23:29:55.382561" level="INFO">Typing text 'invalid' into text field 'password_field'.</msg>
<arg>password_field</arg>
<arg>${password}</arg>
<doc>Types the given ``text`` into the text field identified by ``locator``.</doc>
<status status="PASS" start="2025-01-09T23:29:55.382561" elapsed="0.045132"/>
</kw>
<arg>${password}</arg>
<status status="PASS" start="2025-01-09T23:29:55.382561" elapsed="0.045132"/>
</kw>
<kw name="Submit Credentials" owner="resource">
<kw name="Click Button" owner="SeleniumLibrary">
<msg time="2025-01-09T23:29:55.428691" level="INFO">Clicking button 'login_button'.</msg>
<arg>login_button</arg>
<doc>Clicks the button identified by ``locator``.</doc>
<status status="PASS" start="2025-01-09T23:29:55.428691" elapsed="0.053037"/>
</kw>
<status status="PASS" start="2025-01-09T23:29:55.428691" elapsed="0.053037"/>
</kw>
<kw name="Login Should Have Failed">
<kw name="Location Should Be" owner="SeleniumLibrary">
<msg time="2025-01-09T23:29:55.484721" level="INFO">Current location is 'http://localhost:7272/error.html'.</msg>
<arg>${ERROR URL}</arg>
<doc>Verifies that the current URL is exactly ``url``.</doc>
<status status="PASS" start="2025-01-09T23:29:55.481728" elapsed="0.002993"/>
</kw>
<kw name="Title Should Be" owner="SeleniumLibrary">
<msg time="2025-01-09T23:29:55.487712" level="INFO">Page title is 'Error Page'.</msg>
<arg>Error Page</arg>
<doc>Verifies that the current page title equals ``title``.</doc>
<status status="PASS" start="2025-01-09T23:29:55.484721" elapsed="0.002991"/>
</kw>
<status status="PASS" start="2025-01-09T23:29:55.481728" elapsed="0.005984"/>
</kw>
<arg>${VALID USER}</arg>
<arg>invalid</arg>
<status status="PASS" start="2025-01-09T23:29:55.336683" elapsed="0.151029"/>
</kw>
<status status="PASS" start="2025-01-09T23:29:55.315599" elapsed="0.172113"/>
</test>
<test id="s1-t3" name="Invalid Username And Password" line="19">
<kw name="Go To Login Page" owner="resource" type="SETUP">
<kw name="Go To" owner="SeleniumLibrary">
<msg time="2025-01-09T23:29:55.488709" level="INFO">Opening url 'http://localhost:7272/'</msg>
<arg>${LOGIN URL}</arg>
<doc>Navigates the current browser window to the provided ``url``.</doc>
<status status="PASS" start="2025-01-09T23:29:55.488709" elapsed="0.017954"/>
</kw>
<kw name="Login Page Should Be Open" owner="resource">
<kw name="Title Should Be" owner="SeleniumLibrary">
<msg time="2025-01-09T23:29:55.508656" level="INFO">Page title is 'Login Page'.</msg>
<arg>Login Page</arg>
<doc>Verifies that the current page title equals ``title``.</doc>
<status status="PASS" start="2025-01-09T23:29:55.506663" elapsed="0.001993"/>
</kw>
<status status="PASS" start="2025-01-09T23:29:55.506663" elapsed="0.002990"/>
</kw>
<status status="PASS" start="2025-01-09T23:29:55.488709" elapsed="0.020944"/>
</kw>
<kw name="Login With Invalid Credentials Should Fail">
<kw name="Input Username" owner="resource">
<kw name="Input Text" owner="SeleniumLibrary">
<msg time="2025-01-09T23:29:55.509653" level="INFO">Typing text 'invalid' into text field 'username_field'.</msg>
<arg>username_field</arg>
<arg>${username}</arg>
<doc>Types the given ``text`` into the text field identified by ``locator``.</doc>
<status status="PASS" start="2025-01-09T23:29:55.509653" elapsed="0.049203"/>
</kw>
<arg>${username}</arg>
<status status="PASS" start="2025-01-09T23:29:55.509653" elapsed="0.049203"/>
</kw>
<kw name="Input Password" owner="resource">
<kw name="Input Text" owner="SeleniumLibrary">
<msg time="2025-01-09T23:29:55.559855" level="INFO">Typing text 'whatever' into text field 'password_field'.</msg>
<arg>password_field</arg>
<arg>${password}</arg>
<doc>Types the given ``text`` into the text field identified by ``locator``.</doc>
<status status="PASS" start="2025-01-09T23:29:55.559855" elapsed="0.043881"/>
</kw>
<arg>${password}</arg>
<status status="PASS" start="2025-01-09T23:29:55.558856" elapsed="0.044880"/>
</kw>
<kw name="Submit Credentials" owner="resource">
<kw name="Click Button" owner="SeleniumLibrary">
<msg time="2025-01-09T23:29:55.603736" level="INFO">Clicking button 'login_button'.</msg>
<arg>login_button</arg>
<doc>Clicks the button identified by ``locator``.</doc>
<status status="PASS" start="2025-01-09T23:29:55.603736" elapsed="0.051193"/>
</kw>
<status status="PASS" start="2025-01-09T23:29:55.603736" elapsed="0.051193"/>
</kw>
<kw name="Login Should Have Failed">
<kw name="Location Should Be" owner="SeleniumLibrary">
<msg time="2025-01-09T23:29:55.658919" level="INFO">Current location is 'http://localhost:7272/error.html'.</msg>
<arg>${ERROR URL}</arg>
<doc>Verifies that the current URL is exactly ``url``.</doc>
<status status="PASS" start="2025-01-09T23:29:55.654929" elapsed="0.003990"/>
</kw>
<kw name="Title Should Be" owner="SeleniumLibrary">
<msg time="2025-01-09T23:29:55.660912" level="INFO">Page title is 'Error Page'.</msg>
<arg>Error Page</arg>
<doc>Verifies that the current page title equals ``title``.</doc>
<status status="PASS" start="2025-01-09T23:29:55.658919" elapsed="0.002990"/>
</kw>
<status status="PASS" start="2025-01-09T23:29:55.654929" elapsed="0.006980"/>
</kw>
<arg>invalid</arg>
<arg>whatever</arg>
<status status="PASS" start="2025-01-09T23:29:55.509653" elapsed="0.152256"/>
</kw>
<status status="PASS" start="2025-01-09T23:29:55.488709" elapsed="0.173200"/>
</test>
<test id="s1-t4" name="Empty Username" line="20">
<kw name="Go To Login Page" owner="resource" type="SETUP">
<kw name="Go To" owner="SeleniumLibrary">
<msg time="2025-01-09T23:29:55.662907" level="INFO">Opening url 'http://localhost:7272/'</msg>
<arg>${LOGIN URL}</arg>
<doc>Navigates the current browser window to the provided ``url``.</doc>
<status status="PASS" start="2025-01-09T23:29:55.662907" elapsed="0.016954"/>
</kw>
<kw name="Login Page Should Be Open" owner="resource">
<kw name="Title Should Be" owner="SeleniumLibrary">
<msg time="2025-01-09T23:29:55.682854" level="INFO">Page title is 'Login Page'.</msg>
<arg>Login Page</arg>
<doc>Verifies that the current page title equals ``title``.</doc>
<status status="PASS" start="2025-01-09T23:29:55.679861" elapsed="0.003991"/>
</kw>
<status status="PASS" start="2025-01-09T23:29:55.679861" elapsed="0.003991"/>
</kw>
<status status="PASS" start="2025-01-09T23:29:55.662907" elapsed="0.020945"/>
</kw>
<kw name="Login With Invalid Credentials Should Fail">
<kw name="Input Username" owner="resource">
<kw name="Input Text" owner="SeleniumLibrary">
<msg time="2025-01-09T23:29:55.684849" level="INFO">Typing text '' into text field 'username_field'.</msg>
<arg>username_field</arg>
<arg>${username}</arg>
<doc>Types the given ``text`` into the text field identified by ``locator``.</doc>
<status status="PASS" start="2025-01-09T23:29:55.684849" elapsed="0.042885"/>
</kw>
<arg>${username}</arg>
<status status="PASS" start="2025-01-09T23:29:55.684849" elapsed="0.042885"/>
</kw>
<kw name="Input Password" owner="resource">
<kw name="Input Text" owner="SeleniumLibrary">
<msg time="2025-01-09T23:29:55.728732" level="INFO">Typing text 'mode' into text field 'password_field'.</msg>
<arg>password_field</arg>
<arg>${password}</arg>
<doc>Types the given ``text`` into the text field identified by ``locator``.</doc>
<status status="PASS" start="2025-01-09T23:29:55.727734" elapsed="0.043073"/>
</kw>
<arg>${password}</arg>
<status status="PASS" start="2025-01-09T23:29:55.727734" elapsed="0.043073"/>
</kw>
<kw name="Submit Credentials" owner="resource">
<kw name="Click Button" owner="SeleniumLibrary">
<msg time="2025-01-09T23:29:55.771805" level="INFO">Clicking button 'login_button'.</msg>
<arg>login_button</arg>
<doc>Clicks the button identified by ``locator``.</doc>
<status status="PASS" start="2025-01-09T23:29:55.770807" elapsed="0.050864"/>
</kw>
<status status="PASS" start="2025-01-09T23:29:55.770807" elapsed="0.051862"/>
</kw>
<kw name="Login Should Have Failed">
<kw name="Location Should Be" owner="SeleniumLibrary">
<msg time="2025-01-09T23:29:55.825662" level="INFO">Current location is 'http://localhost:7272/error.html'.</msg>
<arg>${ERROR URL}</arg>
<doc>Verifies that the current URL is exactly ``url``.</doc>
<status status="PASS" start="2025-01-09T23:29:55.822669" elapsed="0.002993"/>
</kw>
<kw name="Title Should Be" owner="SeleniumLibrary">
<msg time="2025-01-09T23:29:55.828652" level="INFO">Page title is 'Error Page'.</msg>
<arg>Error Page</arg>
<doc>Verifies that the current page title equals ``title``.</doc>
<status status="PASS" start="2025-01-09T23:29:55.826659" elapsed="0.001993"/>
</kw>
<status status="PASS" start="2025-01-09T23:29:55.822669" elapsed="0.005983"/>
</kw>
<arg>${EMPTY}</arg>
<arg>${VALID PASSWORD}</arg>
<status status="PASS" start="2025-01-09T23:29:55.683852" elapsed="0.144800"/>
</kw>
<status status="PASS" start="2025-01-09T23:29:55.661909" elapsed="0.166743"/>
</test>
<test id="s1-t5" name="Empty Password" line="21">
<kw name="Go To Login Page" owner="resource" type="SETUP">
<kw name="Go To" owner="SeleniumLibrary">
<msg time="2025-01-09T23:29:55.829650" level="INFO">Opening url 'http://localhost:7272/'</msg>
<arg>${LOGIN URL}</arg>
<doc>Navigates the current browser window to the provided ``url``.</doc>
<status status="PASS" start="2025-01-09T23:29:55.829650" elapsed="0.017952"/>
</kw>
<kw name="Login Page Should Be Open" owner="resource">
<kw name="Title Should Be" owner="SeleniumLibrary">
<msg time="2025-01-09T23:29:55.850593" level="INFO">Page title is 'Login Page'.</msg>
<arg>Login Page</arg>
<doc>Verifies that the current page title equals ``title``.</doc>
<status status="PASS" start="2025-01-09T23:29:55.847602" elapsed="0.002991"/>
</kw>
<status status="PASS" start="2025-01-09T23:29:55.847602" elapsed="0.002991"/>
</kw>
<status status="PASS" start="2025-01-09T23:29:55.829650" elapsed="0.020943"/>
</kw>
<kw name="Login With Invalid Credentials Should Fail">
<kw name="Input Username" owner="resource">
<kw name="Input Text" owner="SeleniumLibrary">
<msg time="2025-01-09T23:29:55.851591" level="INFO">Typing text 'demo' into text field 'username_field'.</msg>
<arg>username_field</arg>
<arg>${username}</arg>
<doc>Types the given ``text`` into the text field identified by ``locator``.</doc>
<status status="PASS" start="2025-01-09T23:29:55.851591" elapsed="0.045228"/>
</kw>
<arg>${username}</arg>
<status status="PASS" start="2025-01-09T23:29:55.851591" elapsed="0.045228"/>
</kw>
<kw name="Input Password" owner="resource">
<kw name="Input Text" owner="SeleniumLibrary">
<msg time="2025-01-09T23:29:55.896819" level="INFO">Typing text '' into text field 'password_field'.</msg>
<arg>password_field</arg>
<arg>${password}</arg>
<doc>Types the given ``text`` into the text field identified by ``locator``.</doc>
<status status="PASS" start="2025-01-09T23:29:55.896819" elapsed="0.039711"/>
</kw>
<arg>${password}</arg>
<status status="PASS" start="2025-01-09T23:29:55.896819" elapsed="0.039711"/>
</kw>
<kw name="Submit Credentials" owner="resource">
<kw name="Click Button" owner="SeleniumLibrary">
<msg time="2025-01-09T23:29:55.936530" level="INFO">Clicking button 'login_button'.</msg>
<arg>login_button</arg>
<doc>Clicks the button identified by ``locator``.</doc>
<status status="PASS" start="2025-01-09T23:29:55.936530" elapsed="0.051193"/>
</kw>
<status status="PASS" start="2025-01-09T23:29:55.936530" elapsed="0.052191"/>
</kw>
<kw name="Login Should Have Failed">
<kw name="Location Should Be" owner="SeleniumLibrary">
<msg time="2025-01-09T23:29:55.992711" level="INFO">Current location is 'http://localhost:7272/error.html'.</msg>
<arg>${ERROR URL}</arg>
<doc>Verifies that the current URL is exactly ``url``.</doc>
<status status="PASS" start="2025-01-09T23:29:55.988721" elapsed="0.003990"/>
</kw>
<kw name="Title Should Be" owner="SeleniumLibrary">
<msg time="2025-01-09T23:29:55.994705" level="INFO">Page title is 'Error Page'.</msg>
<arg>Error Page</arg>
<doc>Verifies that the current page title equals ``title``.</doc>
<status status="PASS" start="2025-01-09T23:29:55.992711" elapsed="0.001994"/>
</kw>
<status status="PASS" start="2025-01-09T23:29:55.988721" elapsed="0.005984"/>
</kw>
<arg>${VALID USER}</arg>
<arg>${EMPTY}</arg>
<status status="PASS" start="2025-01-09T23:29:55.850593" elapsed="0.144112"/>
</kw>
<status status="PASS" start="2025-01-09T23:29:55.829650" elapsed="0.166052"/>
</test>
<test id="s1-t6" name="Empty Username And Password" line="22">
<kw name="Go To Login Page" owner="resource" type="SETUP">
<kw name="Go To" owner="SeleniumLibrary">
<msg time="2025-01-09T23:29:55.996700" level="INFO">Opening url 'http://localhost:7272/'</msg>
<arg>${LOGIN URL}</arg>
<doc>Navigates the current browser window to the provided ``url``.</doc>
<status status="PASS" start="2025-01-09T23:29:55.996700" elapsed="0.016956"/>
</kw>
<kw name="Login Page Should Be Open" owner="resource">
<kw name="Title Should Be" owner="SeleniumLibrary">
<msg time="2025-01-09T23:29:56.016646" level="INFO">Page title is 'Login Page'.</msg>
<arg>Login Page</arg>
<doc>Verifies that the current page title equals ``title``.</doc>
<status status="PASS" start="2025-01-09T23:29:56.013656" elapsed="0.002990"/>
</kw>
<status status="PASS" start="2025-01-09T23:29:56.013656" elapsed="0.002990"/>
</kw>
<status status="PASS" start="2025-01-09T23:29:55.995702" elapsed="0.020944"/>
</kw>
<kw name="Login With Invalid Credentials Should Fail">
<kw name="Input Username" owner="resource">
<kw name="Input Text" owner="SeleniumLibrary">
<msg time="2025-01-09T23:29:56.017644" level="INFO">Typing text '' into text field 'username_field'.</msg>
<arg>username_field</arg>
<arg>${username}</arg>
<doc>Types the given ``text`` into the text field identified by ``locator``.</doc>
<status status="PASS" start="2025-01-09T23:29:56.017644" elapsed="0.040896"/>
</kw>
<arg>${username}</arg>
<status status="PASS" start="2025-01-09T23:29:56.017644" elapsed="0.040896"/>
</kw>
<kw name="Input Password" owner="resource">
<kw name="Input Text" owner="SeleniumLibrary">
<msg time="2025-01-09T23:29:56.059537" level="INFO">Typing text '' into text field 'password_field'.</msg>
<arg>password_field</arg>
<arg>${password}</arg>
<doc>Types the given ``text`` into the text field identified by ``locator``.</doc>
<status status="PASS" start="2025-01-09T23:29:56.059537" elapsed="0.038051"/>
</kw>
<arg>${password}</arg>
<status status="PASS" start="2025-01-09T23:29:56.059537" elapsed="0.039048"/>
</kw>
<kw name="Submit Credentials" owner="resource">
<kw name="Click Button" owner="SeleniumLibrary">
<msg time="2025-01-09T23:29:56.098585" level="INFO">Clicking button 'login_button'.</msg>
<arg>login_button</arg>
<doc>Clicks the button identified by ``locator``.</doc>
<status status="PASS" start="2025-01-09T23:29:56.098585" elapsed="0.050864"/>
</kw>
<status status="PASS" start="2025-01-09T23:29:56.098585" elapsed="0.051863"/>
</kw>
<kw name="Login Should Have Failed">
<kw name="Location Should Be" owner="SeleniumLibrary">
<msg time="2025-01-09T23:29:56.154436" level="INFO">Current location is 'http://localhost:7272/error.html'.</msg>
<arg>${ERROR URL}</arg>
<doc>Verifies that the current URL is exactly ``url``.</doc>
<status status="PASS" start="2025-01-09T23:29:56.150448" elapsed="0.003988"/>
</kw>
<kw name="Title Should Be" owner="SeleniumLibrary">
<msg time="2025-01-09T23:29:56.156430" level="INFO">Page title is 'Error Page'.</msg>
<arg>Error Page</arg>
<doc>Verifies that the current page title equals ``title``.</doc>
<status status="PASS" start="2025-01-09T23:29:56.154436" elapsed="0.001994"/>
</kw>
<status status="PASS" start="2025-01-09T23:29:56.150448" elapsed="0.005982"/>
</kw>
<arg>${EMPTY}</arg>
<arg>${EMPTY}</arg>
<status status="PASS" start="2025-01-09T23:29:56.016646" elapsed="0.139784"/>
</kw>
<status status="PASS" start="2025-01-09T23:29:55.995702" elapsed="0.160728"/>
</test>
<kw name="Close Browser" owner="SeleniumLibrary" type="TEARDOWN">
<doc>Closes the current browser.</doc>
<status status="PASS" start="2025-01-09T23:29:56.157428" elapsed="2.085970"/>
</kw>
<doc>A test suite containing tests related to invalid login.

These tests are data-driven by their nature. They use a single
keyword, specified with Test Template setting, that is called
with different arguments to cover different scenarios.

This suite also demonstrates using setups and teardowns in
different levels.</doc>
<status status="PASS" start="2025-01-09T23:29:53.040093" elapsed="5.203305"/>
</suite>
<statistics>
<total>
<stat pass="6" fail="0" skip="0">All Tests</stat>
</total>
<tag>
</tag>
<suite>
<stat pass="6" fail="0" skip="0" id="s1" name="Invalid Login">Invalid Login</stat>
</suite>
</statistics>
<errors>
</errors>
</robot>
