<?xml version="1.0" encoding="UTF-8"?>
<robot generator="Robot 7.0.1 (Python 3.12.3 on win32)" generated="2025-01-08T10:58:01.465213" rpa="false" schemaversion="5">
<suite id="s1" name="Webdriver" source="D:\653380139-1\ChromeForTesting\webdriver.robot">
<test id="s1-t1" name="TC_001: Start Chrome For Testing" line="9">
<status status="FAIL" start="2025-01-08T10:58:01.497214" elapsed="0.000000">Test cannot be empty.</status>
</test>
<test id="s1-t2" name="${chrome_options} Evaluate sys.modules['selenium.webdriver'].ChromeOptions() sys" line="11">
<status status="FAIL" start="2025-01-08T10:58:01.499220" elapsed="0.000000">Test cannot be empty.</status>
</test>
<test id="s1-t3" name="${chrome_options.binary_location} Set Variable ${CHROME_BROWSER_PATH}" line="12">
<status status="FAIL" start="2025-01-08T10:58:01.501216" elapsed="0.001001">Test cannot be empty.</status>
</test>
<test id="s1-t4" name="${service} Evaluate" line="13">
<status status="FAIL" start="2025-01-08T10:58:01.504214" elapsed="0.000000">Test cannot be empty.</status>
</test>
<test id="s1-t5" name="sys.modules[&quot;selenium.webdriver.chrome.service&quot;].Service(executable_path=r&quot;${CHROME_DRIVER_PATH}&quot;)" line="14">
<status status="FAIL" start="2025-01-08T10:58:01.505213" elapsed="0.000000">Test cannot be empty.</status>
</test>
<test id="s1-t6" name="Create Webdriver Chrome options=${chrome_options} service=${service}" line="16">
<status status="FAIL" start="2025-01-08T10:58:01.506213" elapsed="0.000000">Test cannot be empty.</status>
</test>
<test id="s1-t7" name="Go To ${URL}" line="17">
<status status="FAIL" start="2025-01-08T10:58:01.507212" elapsed="0.000000">Test cannot be empty.</status>
</test>
<status status="FAIL" start="2025-01-08T10:58:01.466213" elapsed="0.043001"/>
</suite>
<statistics>
<total>
<stat pass="0" fail="7" skip="0">All Tests</stat>
</total>
<tag>
</tag>
<suite>
<stat pass="0" fail="7" skip="0" id="s1" name="Webdriver">Webdriver</stat>
</suite>
</statistics>
<errors>
<msg time="2025-01-08T10:58:01.461212" level="ERROR">Error in file 'D:\653380139-1\ChromeForTesting\webdriver.robot' on line 2: Non-existing setting 'Library SeleniumLibrary'.</msg>
<msg time="2025-01-08T10:58:01.466213" level="ERROR">Error in file 'D:\653380139-1\ChromeForTesting\webdriver.robot' on line 4: Setting variable '${CHROME_BROWSER_PATH} ${EXECDIR}${/}ChromeForTesting${/}chrome.exe' failed: Invalid variable name '${CHROME_BROWSER_PATH} ${EXECDIR}${/}ChromeForTesting${/}chrome.exe'.</msg>
<msg time="2025-01-08T10:58:01.467212" level="ERROR">Error in file 'D:\653380139-1\ChromeForTesting\webdriver.robot' on line 5: Setting variable '${CHROME_DRIVER_PATH} ${EXECDIR}${/}ChromeForTesting${/}chromedriver.exe' failed: Invalid variable name '${CHROME_DRIVER_PATH} ${EXECDIR}${/}ChromeForTesting${/}chromedriver.exe'.</msg>
<msg time="2025-01-08T10:58:01.467212" level="ERROR">Error in file 'D:\653380139-1\ChromeForTesting\webdriver.robot' on line 6: Setting variable '${URL} https://www.kku.ac.th' failed: Invalid variable name '${URL} https://www.kku.ac.th'.</msg>
</errors>
</robot>
