<?xml version="1.0" encoding="UTF-8"?>
<robot generator="Robot 7.1.1 (Python 3.11.9 on win32)" generated="2025-01-09T23:34:09.882565" rpa="false" schemaversion="5">
<suite id="s1" name="Form" source="D:\WebDemo-master\Form_tests\Form.robot">
<test id="s1-t1" name="TC001 Open Form" line="22">
<kw name="Open Browser" owner="SeleniumLibrary">
<msg time="2025-01-09T23:34:10.096161" level="INFO">Opening browser 'Chrome' to base url 'http://localhost:7272/Form.html'.</msg>
<arg>${BASE_URL}</arg>
<arg>${BROWSER}</arg>
<arg>service.executable_path=${CHROMEDRIVER_PATH}</arg>
<doc>Opens a new browser instance to the optional ``url``.</doc>
<status status="PASS" start="2025-01-09T23:34:10.096161" elapsed="1.694095"/>
</kw>
<kw name="Title Should Be" owner="SeleniumLibrary">
<msg time="2025-01-09T23:34:11.794245" level="INFO">Page title is 'Customer Inquiry'.</msg>
<arg>Customer Inquiry</arg>
<doc>Verifies that the current page title equals ``title``.</doc>
<status status="PASS" start="2025-01-09T23:34:11.791255" elapsed="0.002990"/>
</kw>
<kw name="Page Should Contain" owner="SeleniumLibrary">
<msg time="2025-01-09T23:34:11.805217" level="INFO">Current page contains text 'Travel Insurance Inquiry'.</msg>
<arg>Travel Insurance Inquiry</arg>
<doc>Verifies that current page contains ``text``.</doc>
<status status="PASS" start="2025-01-09T23:34:11.795242" elapsed="0.009975"/>
</kw>
<kw name="Close Browser" owner="SeleniumLibrary">
<doc>Closes the current browser.</doc>
<status status="PASS" start="2025-01-09T23:34:11.806215" elapsed="2.092321"/>
</kw>
<doc>เปิดเว็บไซต์และตรวจสอบการแสดงแบบฟอร์ม</doc>
<status status="PASS" start="2025-01-09T23:34:10.094165" elapsed="3.806333"/>
</test>
<test id="s1-t2" name="TC002 Valid Input" line="29">
<kw name="Open Browser" owner="SeleniumLibrary">
<msg time="2025-01-09T23:34:13.910546" level="INFO">Opening browser 'Chrome' to base url 'http://localhost:7272/Form.html'.</msg>
<arg>${BASE_URL}</arg>
<arg>${BROWSER}</arg>
<arg>service.executable_path=${CHROMEDRIVER_PATH}</arg>
<doc>Opens a new browser instance to the optional ``url``.</doc>
<status status="PASS" start="2025-01-09T23:34:13.909602" elapsed="1.696964"/>
</kw>
<kw name="Input Text" owner="SeleniumLibrary">
<msg time="2025-01-09T23:34:15.607563" level="INFO">Typing text 'Somsong' into text field 'id=firstname'.</msg>
<arg>id=firstname</arg>
<arg>${FIRST_NAME}</arg>
<doc>Types the given ``text`` into the text field identified by ``locator``.</doc>
<status status="PASS" start="2025-01-09T23:34:15.606566" elapsed="0.072088"/>
</kw>
<kw name="Input Text" owner="SeleniumLibrary">
<msg time="2025-01-09T23:34:15.678654" level="INFO">Typing text 'Sandee' into text field 'id=lastname'.</msg>
<arg>id=lastname</arg>
<arg>${LAST_NAME}</arg>
<doc>Types the given ``text`` into the text field identified by ``locator``.</doc>
<status status="PASS" start="2025-01-09T23:34:15.678654" elapsed="0.048873"/>
</kw>
<kw name="Input Text" owner="SeleniumLibrary">
<msg time="2025-01-09T23:34:15.727527" level="INFO">Typing text 'Europe' into text field 'id=destination'.</msg>
<arg>id=destination</arg>
<arg>${DESTINATION}</arg>
<doc>Types the given ``text`` into the text field identified by ``locator``.</doc>
<status status="PASS" start="2025-01-09T23:34:15.727527" elapsed="0.047142"/>
</kw>
<kw name="Input Text" owner="SeleniumLibrary">
<msg time="2025-01-09T23:34:15.775666" level="INFO">Typing text 'Sodsai Sandee' into text field 'id=contactperson'.</msg>
<arg>id=contactperson</arg>
<arg>${CONTACT_PERSON}</arg>
<doc>Types the given ``text`` into the text field identified by ``locator``.</doc>
<status status="PASS" start="2025-01-09T23:34:15.775666" elapsed="0.049867"/>
</kw>
<kw name="Input Text" owner="SeleniumLibrary">
<msg time="2025-01-09T23:34:15.826530" level="INFO">Typing text 'Mother' into text field 'id=relationship'.</msg>
<arg>id=relationship</arg>
<arg>${RELATIONSHIP}</arg>
<doc>Types the given ``text`` into the text field identified by ``locator``.</doc>
<status status="PASS" start="2025-01-09T23:34:15.826530" elapsed="0.044160"/>
</kw>
<kw name="Input Text" owner="SeleniumLibrary">
<msg time="2025-01-09T23:34:15.871688" level="INFO">Typing text 'somsong@kkumail.com' into text field 'id=email'.</msg>
<arg>id=email</arg>
<arg>${VALID_EMAIL}</arg>
<doc>Types the given ``text`` into the text field identified by ``locator``.</doc>
<status status="PASS" start="2025-01-09T23:34:15.870690" elapsed="0.052452"/>
</kw>
<kw name="Input Text" owner="SeleniumLibrary">
<msg time="2025-01-09T23:34:15.924140" level="INFO">Typing text '081-111-1234' into text field 'id=phone'.</msg>
<arg>id=phone</arg>
<arg>${PHONE_NO}</arg>
<doc>Types the given ``text`` into the text field identified by ``locator``.</doc>
<status status="PASS" start="2025-01-09T23:34:15.923142" elapsed="0.048117"/>
</kw>
<kw name="Click Button" owner="SeleniumLibrary">
<msg time="2025-01-09T23:34:15.971259" level="INFO">Clicking button 'id=submitButton'.</msg>
<arg>id=submitButton</arg>
<doc>Clicks the button identified by ``locator``.</doc>
<status status="PASS" start="2025-01-09T23:34:15.971259" elapsed="0.054854"/>
</kw>
<kw name="Page Should Not Contain" owner="SeleniumLibrary">
<msg time="2025-01-09T23:34:16.041073" level="INFO">Current page does not contain text '*Please enter your destination.'.</msg>
<arg>${ERROR_MSG_DESTINATION}</arg>
<doc>Verifies the current page does not contain ``text``.</doc>
<status status="PASS" start="2025-01-09T23:34:16.026113" elapsed="0.014960"/>
</kw>
<kw name="Page Should Not Contain" owner="SeleniumLibrary">
<msg time="2025-01-09T23:34:16.053041" level="INFO">Current page does not contain text '*Please enter a valid email address.'.</msg>
<arg>${ERROR_MSG_EMAIL}</arg>
<doc>Verifies the current page does not contain ``text``.</doc>
<status status="PASS" start="2025-01-09T23:34:16.042071" elapsed="0.010970"/>
</kw>
<kw name="Page Should Not Contain" owner="SeleniumLibrary">
<msg time="2025-01-09T23:34:16.065010" level="INFO">Current page does not contain text '*Please enter a valid phone number, e.g., 081-234-5678, 081 234 5678, or 081.234.5678.'.</msg>
<arg>${ERROR_MSG_PHONE}</arg>
<doc>Verifies the current page does not contain ``text``.</doc>
<status status="PASS" start="2025-01-09T23:34:16.053041" elapsed="0.011969"/>
</kw>
<kw name="Close Browser" owner="SeleniumLibrary">
<doc>Closes the current browser.</doc>
<status status="PASS" start="2025-01-09T23:34:16.066006" elapsed="2.080137"/>
</kw>
<doc>ทดสอบเมื่อกรอกข้อมูลครบทุกช่องถูกต้อง และตรวจสอบว่าไม่มีข้อความแสดงข้อผิดพลาด</doc>
<status status="PASS" start="2025-01-09T23:34:13.902574" elapsed="4.243569"/>
</test>
<test id="s1-t3" name="TC003 Empty Destination" line="45">
<kw name="Open Browser" owner="SeleniumLibrary">
<msg time="2025-01-09T23:34:18.148108" level="INFO">Opening browser 'Chrome' to base url 'http://localhost:7272/Form.html'.</msg>
<arg>${BASE_URL}</arg>
<arg>${BROWSER}</arg>
<arg>service.executable_path=${CHROMEDRIVER_PATH}</arg>
<doc>Opens a new browser instance to the optional ``url``.</doc>
<status status="PASS" start="2025-01-09T23:34:18.148108" elapsed="1.670345"/>
</kw>
<kw name="Input Text" owner="SeleniumLibrary">
<msg time="2025-01-09T23:34:19.819450" level="INFO">Typing text 'Somsong' into text field 'id=firstname'.</msg>
<arg>id=firstname</arg>
<arg>${FIRST_NAME}</arg>
<doc>Types the given ``text`` into the text field identified by ``locator``.</doc>
<status status="PASS" start="2025-01-09T23:34:19.818453" elapsed="0.072865"/>
</kw>
<kw name="Input Text" owner="SeleniumLibrary">
<msg time="2025-01-09T23:34:19.892316" level="INFO">Typing text 'Sandee' into text field 'id=lastname'.</msg>
<arg>id=lastname</arg>
<arg>${LAST_NAME}</arg>
<doc>Types the given ``text`` into the text field identified by ``locator``.</doc>
<status status="PASS" start="2025-01-09T23:34:19.891318" elapsed="0.049868"/>
</kw>
<kw name="Input Text" owner="SeleniumLibrary">
<msg time="2025-01-09T23:34:19.941186" level="INFO">Typing text 'Sodsai Sandee' into text field 'id=contactperson'.</msg>
<arg>id=contactperson</arg>
<arg>${CONTACT_PERSON}</arg>
<doc>Types the given ``text`` into the text field identified by ``locator``.</doc>
<status status="PASS" start="2025-01-09T23:34:19.941186" elapsed="0.051045"/>
</kw>
<kw name="Input Text" owner="SeleniumLibrary">
<msg time="2025-01-09T23:34:19.992231" level="INFO">Typing text 'Mother' into text field 'id=relationship'.</msg>
<arg>id=relationship</arg>
<arg>${RELATIONSHIP}</arg>
<doc>Types the given ``text`` into the text field identified by ``locator``.</doc>
<status status="PASS" start="2025-01-09T23:34:19.992231" elapsed="0.046875"/>
</kw>
<kw name="Input Text" owner="SeleniumLibrary">
<msg time="2025-01-09T23:34:20.040103" level="INFO">Typing text 'somsong@kkumail.com' into text field 'id=email'.</msg>
<arg>id=email</arg>
<arg>${VALID_EMAIL}</arg>
<doc>Types the given ``text`` into the text field identified by ``locator``.</doc>
<status status="PASS" start="2025-01-09T23:34:20.039106" elapsed="0.053061"/>
</kw>
<kw name="Input Text" owner="SeleniumLibrary">
<msg time="2025-01-09T23:34:20.093164" level="INFO">Typing text '081-111-1234' into text field 'id=phone'.</msg>
<arg>id=phone</arg>
<arg>${PHONE_NO}</arg>
<doc>Types the given ``text`` into the text field identified by ``locator``.</doc>
<status status="PASS" start="2025-01-09T23:34:20.092167" elapsed="0.047871"/>
</kw>
<kw name="Click Button" owner="SeleniumLibrary">
<msg time="2025-01-09T23:34:20.141035" level="INFO">Clicking button 'id=submitButton'.</msg>
<arg>id=submitButton</arg>
<doc>Clicks the button identified by ``locator``.</doc>
<status status="PASS" start="2025-01-09T23:34:20.141035" elapsed="0.056227"/>
</kw>
<kw name="Page Should Contain" owner="SeleniumLibrary">
<msg time="2025-01-09T23:34:20.265726" level="INFO" html="true">&lt;/td&gt;&lt;/tr&gt;&lt;tr&gt;&lt;td colspan="3"&gt;&lt;a href="selenium-screenshot-23.png"&gt;&lt;img src="selenium-screenshot-23.png" width="800px"&gt;&lt;/a&gt;</msg>
<msg time="2025-01-09T23:34:20.265726" level="FAIL">Page should have contained text '*Please enter your destination.' but did not.</msg>
<arg>${ERROR_MSG_DESTINATION}</arg>
<doc>Verifies that current page contains ``text``.</doc>
<status status="FAIL" start="2025-01-09T23:34:20.197262" elapsed="0.070455">Page should have contained text '*Please enter your destination.' but did not.</status>
</kw>
<kw name="Close Browser" owner="SeleniumLibrary">
<doc>Closes the current browser.</doc>
<status status="NOT RUN" start="2025-01-09T23:34:20.267717" elapsed="0.000000"/>
</kw>
<doc>ทดสอบเมื่อไม่กรอกข้อมูลช่อง Destination และตรวจสอบข้อความแสดงข้อผิดพลาด</doc>
<status status="FAIL" start="2025-01-09T23:34:18.147111" elapsed="2.121349">Page should have contained text '*Please enter your destination.' but did not.</status>
</test>
<test id="s1-t4" name="TC004 Empty Email" line="58">
<kw name="Open Browser" owner="SeleniumLibrary">
<msg time="2025-01-09T23:34:20.270456" level="INFO">Using existing browser from index 3.</msg>
<msg time="2025-01-09T23:34:20.270456" level="INFO">Opening url 'http://localhost:7272/Form.html'</msg>
<arg>${BASE_URL}</arg>
<arg>${BROWSER}</arg>
<arg>service.executable_path=${CHROMEDRIVER_PATH}</arg>
<doc>Opens a new browser instance to the optional ``url``.</doc>
<status status="PASS" start="2025-01-09T23:34:20.269459" elapsed="0.011969"/>
</kw>
<kw name="Input Text" owner="SeleniumLibrary">
<msg time="2025-01-09T23:34:20.282425" level="INFO">Typing text 'Somsong' into text field 'id=firstname'.</msg>
<arg>id=firstname</arg>
<arg>${FIRST_NAME}</arg>
<doc>Types the given ``text`` into the text field identified by ``locator``.</doc>
<status status="PASS" start="2025-01-09T23:34:20.282425" elapsed="0.046080"/>
</kw>
<kw name="Input Text" owner="SeleniumLibrary">
<msg time="2025-01-09T23:34:20.328505" level="INFO">Typing text 'Sandee' into text field 'id=lastname'.</msg>
<arg>id=lastname</arg>
<arg>${LAST_NAME}</arg>
<doc>Types the given ``text`` into the text field identified by ``locator``.</doc>
<status status="PASS" start="2025-01-09T23:34:20.328505" elapsed="0.044495"/>
</kw>
<kw name="Input Text" owner="SeleniumLibrary">
<msg time="2025-01-09T23:34:20.373000" level="INFO">Typing text 'Europe' into text field 'id=destination'.</msg>
<arg>id=destination</arg>
<arg>${DESTINATION}</arg>
<doc>Types the given ``text`` into the text field identified by ``locator``.</doc>
<status status="PASS" start="2025-01-09T23:34:20.373000" elapsed="0.046633"/>
</kw>
<kw name="Input Text" owner="SeleniumLibrary">
<msg time="2025-01-09T23:34:20.419633" level="INFO">Typing text 'Sodsai Sandee' into text field 'id=contactperson'.</msg>
<arg>id=contactperson</arg>
<arg>${CONTACT_PERSON}</arg>
<doc>Types the given ``text`` into the text field identified by ``locator``.</doc>
<status status="PASS" start="2025-01-09T23:34:20.419633" elapsed="0.047417"/>
</kw>
<kw name="Input Text" owner="SeleniumLibrary">
<msg time="2025-01-09T23:34:20.468048" level="INFO">Typing text 'Mother' into text field 'id=relationship'.</msg>
<arg>id=relationship</arg>
<arg>${RELATIONSHIP}</arg>
<doc>Types the given ``text`` into the text field identified by ``locator``.</doc>
<status status="PASS" start="2025-01-09T23:34:20.468048" elapsed="0.042724"/>
</kw>
<kw name="Input Text" owner="SeleniumLibrary">
<msg time="2025-01-09T23:34:20.511690" level="INFO">Typing text '081-111-1234' into text field 'id=phone'.</msg>
<arg>id=phone</arg>
<arg>${PHONE_NO}</arg>
<doc>Types the given ``text`` into the text field identified by ``locator``.</doc>
<status status="PASS" start="2025-01-09T23:34:20.510772" elapsed="0.046306"/>
</kw>
<kw name="Click Button" owner="SeleniumLibrary">
<msg time="2025-01-09T23:34:20.558077" level="INFO">Clicking button 'id=submitButton'.</msg>
<arg>id=submitButton</arg>
<doc>Clicks the button identified by ``locator``.</doc>
<status status="PASS" start="2025-01-09T23:34:20.558077" elapsed="0.035903"/>
</kw>
<kw name="Page Should Contain" owner="SeleniumLibrary">
<msg time="2025-01-09T23:34:20.663331" level="INFO" html="true">&lt;/td&gt;&lt;/tr&gt;&lt;tr&gt;&lt;td colspan="3"&gt;&lt;a href="selenium-screenshot-24.png"&gt;&lt;img src="selenium-screenshot-24.png" width="800px"&gt;&lt;/a&gt;</msg>
<msg time="2025-01-09T23:34:20.663331" level="FAIL">Page should have contained text '*Please enter a valid email address.' but did not.</msg>
<arg>${ERROR_MSG_EMAIL}</arg>
<doc>Verifies that current page contains ``text``.</doc>
<status status="FAIL" start="2025-01-09T23:34:20.594978" elapsed="0.069351">Page should have contained text '*Please enter a valid email address.' but did not.</status>
</kw>
<kw name="Close Browser" owner="SeleniumLibrary">
<doc>Closes the current browser.</doc>
<status status="NOT RUN" start="2025-01-09T23:34:20.664329" elapsed="0.000000"/>
</kw>
<doc>ทดสอบเมื่อไม่กรอกข้อมูลช่อง Email และตรวจสอบข้อความแสดงข้อผิดพลาด</doc>
<status status="FAIL" start="2025-01-09T23:34:20.268460" elapsed="0.396866">Page should have contained text '*Please enter a valid email address.' but did not.</status>
</test>
<test id="s1-t5" name="TC005 Invalid Email" line="71">
<kw name="Open Browser" owner="SeleniumLibrary">
<msg time="2025-01-09T23:34:20.667320" level="INFO">Using existing browser from index 3.</msg>
<msg time="2025-01-09T23:34:20.667320" level="INFO">Opening url 'http://localhost:7272/Form.html'</msg>
<arg>${BASE_URL}</arg>
<arg>${BROWSER}</arg>
<arg>service.executable_path=${CHROMEDRIVER_PATH}</arg>
<doc>Opens a new browser instance to the optional ``url``.</doc>
<status status="PASS" start="2025-01-09T23:34:20.667320" elapsed="0.010971"/>
</kw>
<kw name="Input Text" owner="SeleniumLibrary">
<msg time="2025-01-09T23:34:20.679289" level="INFO">Typing text 'Somsong' into text field 'id=firstname'.</msg>
<arg>id=firstname</arg>
<arg>${FIRST_NAME}</arg>
<doc>Types the given ``text`` into the text field identified by ``locator``.</doc>
<status status="PASS" start="2025-01-09T23:34:20.679289" elapsed="0.058250"/>
</kw>
<kw name="Input Text" owner="SeleniumLibrary">
<msg time="2025-01-09T23:34:20.737539" level="INFO">Typing text 'Sandee' into text field 'id=lastname'.</msg>
<arg>id=lastname</arg>
<arg>${LAST_NAME}</arg>
<doc>Types the given ``text`` into the text field identified by ``locator``.</doc>
<status status="PASS" start="2025-01-09T23:34:20.737539" elapsed="0.056227"/>
</kw>
<kw name="Input Text" owner="SeleniumLibrary">
<msg time="2025-01-09T23:34:20.794763" level="INFO">Typing text 'Europe' into text field 'id=destination'.</msg>
<arg>id=destination</arg>
<arg>${DESTINATION}</arg>
<doc>Types the given ``text`` into the text field identified by ``locator``.</doc>
<status status="PASS" start="2025-01-09T23:34:20.793766" elapsed="0.043104"/>
</kw>
<kw name="Input Text" owner="SeleniumLibrary">
<msg time="2025-01-09T23:34:20.836870" level="INFO">Typing text 'Sodsai Sandee' into text field 'id=contactperson'.</msg>
<arg>id=contactperson</arg>
<arg>${CONTACT_PERSON}</arg>
<doc>Types the given ``text`` into the text field identified by ``locator``.</doc>
<status status="PASS" start="2025-01-09T23:34:20.836870" elapsed="0.048507"/>
</kw>
<kw name="Input Text" owner="SeleniumLibrary">
<msg time="2025-01-09T23:34:20.885377" level="INFO">Typing text 'Mother' into text field 'id=relationship'.</msg>
<arg>id=relationship</arg>
<arg>${RELATIONSHIP}</arg>
<doc>Types the given ``text`` into the text field identified by ``locator``.</doc>
<status status="PASS" start="2025-01-09T23:34:20.885377" elapsed="0.044821"/>
</kw>
<kw name="Input Text" owner="SeleniumLibrary">
<msg time="2025-01-09T23:34:20.930198" level="INFO">Typing text 'somsong@' into text field 'id=email'.</msg>
<arg>id=email</arg>
<arg>${INVALID_EMAIL}</arg>
<doc>Types the given ``text`` into the text field identified by ``locator``.</doc>
<status status="PASS" start="2025-01-09T23:34:20.930198" elapsed="0.051449"/>
</kw>
<kw name="Input Text" owner="SeleniumLibrary">
<msg time="2025-01-09T23:34:20.982644" level="INFO">Typing text '081-111-1234' into text field 'id=phone'.</msg>
<arg>id=phone</arg>
<arg>${PHONE_NO}</arg>
<doc>Types the given ``text`` into the text field identified by ``locator``.</doc>
<status status="PASS" start="2025-01-09T23:34:20.982644" elapsed="0.047872"/>
</kw>
<kw name="Click Button" owner="SeleniumLibrary">
<msg time="2025-01-09T23:34:21.031513" level="INFO">Clicking button 'id=submitButton'.</msg>
<arg>id=submitButton</arg>
<doc>Clicks the button identified by ``locator``.</doc>
<status status="PASS" start="2025-01-09T23:34:21.030516" elapsed="0.038914"/>
</kw>
<kw name="Page Should Contain" owner="SeleniumLibrary">
<msg time="2025-01-09T23:34:21.134369" level="INFO" html="true">&lt;/td&gt;&lt;/tr&gt;&lt;tr&gt;&lt;td colspan="3"&gt;&lt;a href="selenium-screenshot-25.png"&gt;&lt;img src="selenium-screenshot-25.png" width="800px"&gt;&lt;/a&gt;</msg>
<msg time="2025-01-09T23:34:21.134369" level="FAIL">Page should have contained text '*Please enter a valid email address.' but did not.</msg>
<arg>${ERROR_MSG_EMAIL}</arg>
<doc>Verifies that current page contains ``text``.</doc>
<status status="FAIL" start="2025-01-09T23:34:21.069430" elapsed="0.064939">Page should have contained text '*Please enter a valid email address.' but did not.</status>
</kw>
<kw name="Close Browser" owner="SeleniumLibrary">
<doc>Closes the current browser.</doc>
<status status="NOT RUN" start="2025-01-09T23:34:21.135366" elapsed="0.000000"/>
</kw>
<doc>ทดสอบเมื่อกรอกข้อมูล Email ไม่ถูกต้อง และตรวจสอบข้อความแสดงข้อผิดพลาด</doc>
<status status="FAIL" start="2025-01-09T23:34:20.665326" elapsed="0.470040">Page should have contained text '*Please enter a valid email address.' but did not.</status>
</test>
<test id="s1-t6" name="TC006 Empty Phone Number" line="85">
<kw name="Open Browser" owner="SeleniumLibrary">
<msg time="2025-01-09T23:34:21.137361" level="INFO">Using existing browser from index 3.</msg>
<msg time="2025-01-09T23:34:21.137361" level="INFO">Opening url 'http://localhost:7272/Form.html'</msg>
<arg>${BASE_URL}</arg>
<arg>${BROWSER}</arg>
<arg>service.executable_path=${CHROMEDRIVER_PATH}</arg>
<doc>Opens a new browser instance to the optional ``url``.</doc>
<status status="PASS" start="2025-01-09T23:34:21.137361" elapsed="0.011968"/>
</kw>
<kw name="Input Text" owner="SeleniumLibrary">
<msg time="2025-01-09T23:34:21.149329" level="INFO">Typing text 'Somsong' into text field 'id=firstname'.</msg>
<arg>id=firstname</arg>
<arg>${FIRST_NAME}</arg>
<doc>Types the given ``text`` into the text field identified by ``locator``.</doc>
<status status="PASS" start="2025-01-09T23:34:21.149329" elapsed="0.045293"/>
</kw>
<kw name="Input Text" owner="SeleniumLibrary">
<msg time="2025-01-09T23:34:21.194622" level="INFO">Typing text 'Sandee' into text field 'id=lastname'.</msg>
<arg>id=lastname</arg>
<arg>${LAST_NAME}</arg>
<doc>Types the given ``text`` into the text field identified by ``locator``.</doc>
<status status="PASS" start="2025-01-09T23:34:21.194622" elapsed="0.044880"/>
</kw>
<kw name="Input Text" owner="SeleniumLibrary">
<msg time="2025-01-09T23:34:21.240500" level="INFO">Typing text 'Europe' into text field 'id=destination'.</msg>
<arg>id=destination</arg>
<arg>${DESTINATION}</arg>
<doc>Types the given ``text`` into the text field identified by ``locator``.</doc>
<status status="PASS" start="2025-01-09T23:34:21.240500" elapsed="0.043923"/>
</kw>
<kw name="Input Text" owner="SeleniumLibrary">
<msg time="2025-01-09T23:34:21.284423" level="INFO">Typing text 'Sodsai Sandee' into text field 'id=contactperson'.</msg>
<arg>id=contactperson</arg>
<arg>${CONTACT_PERSON}</arg>
<doc>Types the given ``text`` into the text field identified by ``locator``.</doc>
<status status="PASS" start="2025-01-09T23:34:21.284423" elapsed="0.046869"/>
</kw>
<kw name="Input Text" owner="SeleniumLibrary">
<msg time="2025-01-09T23:34:21.332289" level="INFO">Typing text 'Mother' into text field 'id=relationship'.</msg>
<arg>id=relationship</arg>
<arg>${RELATIONSHIP}</arg>
<doc>Types the given ``text`` into the text field identified by ``locator``.</doc>
<status status="PASS" start="2025-01-09T23:34:21.331292" elapsed="0.042885"/>
</kw>
<kw name="Input Text" owner="SeleniumLibrary">
<msg time="2025-01-09T23:34:21.374177" level="INFO">Typing text 'somsong@kkumail.com' into text field 'id=email'.</msg>
<arg>id=email</arg>
<arg>${VALID_EMAIL}</arg>
<doc>Types the given ``text`` into the text field identified by ``locator``.</doc>
<status status="PASS" start="2025-01-09T23:34:21.374177" elapsed="0.051862"/>
</kw>
<kw name="Click Button" owner="SeleniumLibrary">
<msg time="2025-01-09T23:34:21.426039" level="INFO">Clicking button 'id=submitButton'.</msg>
<arg>id=submitButton</arg>
<doc>Clicks the button identified by ``locator``.</doc>
<status status="PASS" start="2025-01-09T23:34:21.426039" elapsed="0.036901"/>
</kw>
<kw name="Page Should Contain" owner="SeleniumLibrary">
<msg time="2025-01-09T23:34:21.528938" level="INFO" html="true">&lt;/td&gt;&lt;/tr&gt;&lt;tr&gt;&lt;td colspan="3"&gt;&lt;a href="selenium-screenshot-26.png"&gt;&lt;img src="selenium-screenshot-26.png" width="800px"&gt;&lt;/a&gt;</msg>
<msg time="2025-01-09T23:34:21.528938" level="FAIL">Page should have contained text '*Please enter a valid phone number, e.g., 081-234-5678, 081 234 5678, or 081.234.5678.' but did not.</msg>
<arg>${ERROR_MSG_PHONE}</arg>
<doc>Verifies that current page contains ``text``.</doc>
<status status="FAIL" start="2025-01-09T23:34:21.462940" elapsed="0.066996">Page should have contained text '*Please enter a valid phone number, e.g., 081-234-5678, 081 234 5678, or 081.234.5678.' but did not.</status>
</kw>
<kw name="Close Browser" owner="SeleniumLibrary">
<doc>Closes the current browser.</doc>
<status status="NOT RUN" start="2025-01-09T23:34:21.530859" elapsed="0.000000"/>
</kw>
<doc>ทดสอบเมื่อไม่กรอกข้อมูลช่อง Phone Number และตรวจสอบข้อความแสดงข้อผิดพลาด</doc>
<status status="FAIL" start="2025-01-09T23:34:21.136364" elapsed="0.394495">Page should have contained text '*Please enter a valid phone number, e.g., 081-234-5678, 081 234 5678, or 081.234.5678.' but did not.</status>
</test>
<test id="s1-t7" name="TC007 Invalid Phone Number" line="98">
<kw name="Open Browser" owner="SeleniumLibrary">
<msg time="2025-01-09T23:34:21.532849" level="INFO">Using existing browser from index 3.</msg>
<msg time="2025-01-09T23:34:21.532849" level="INFO">Opening url 'http://localhost:7272/Form.html'</msg>
<arg>${BASE_URL}</arg>
<arg>${BROWSER}</arg>
<arg>service.executable_path=${CHROMEDRIVER_PATH}</arg>
<doc>Opens a new browser instance to the optional ``url``.</doc>
<status status="PASS" start="2025-01-09T23:34:21.532849" elapsed="0.007981"/>
</kw>
<kw name="Input Text" owner="SeleniumLibrary">
<msg time="2025-01-09T23:34:21.540830" level="INFO">Typing text 'Somsong' into text field 'id=firstname'.</msg>
<arg>id=firstname</arg>
<arg>${FIRST_NAME}</arg>
<doc>Types the given ``text`` into the text field identified by ``locator``.</doc>
<status status="PASS" start="2025-01-09T23:34:21.540830" elapsed="0.047870"/>
</kw>
<kw name="Input Text" owner="SeleniumLibrary">
<msg time="2025-01-09T23:34:21.588700" level="INFO">Typing text 'Sandee' into text field 'id=lastname'.</msg>
<arg>id=lastname</arg>
<arg>${LAST_NAME}</arg>
<doc>Types the given ``text`` into the text field identified by ``locator``.</doc>
<status status="PASS" start="2025-01-09T23:34:21.588700" elapsed="0.043061"/>
</kw>
<kw name="Input Text" owner="SeleniumLibrary">
<msg time="2025-01-09T23:34:21.632759" level="INFO">Typing text 'Europe' into text field 'id=destination'.</msg>
<arg>id=destination</arg>
<arg>${DESTINATION}</arg>
<doc>Types the given ``text`` into the text field identified by ``locator``.</doc>
<status status="PASS" start="2025-01-09T23:34:21.632759" elapsed="0.044881"/>
</kw>
<kw name="Input Text" owner="SeleniumLibrary">
<msg time="2025-01-09T23:34:21.677640" level="INFO">Typing text 'Sodsai Sandee' into text field 'id=contactperson'.</msg>
<arg>id=contactperson</arg>
<arg>${CONTACT_PERSON}</arg>
<doc>Types the given ``text`` into the text field identified by ``locator``.</doc>
<status status="PASS" start="2025-01-09T23:34:21.677640" elapsed="0.048025"/>
</kw>
<kw name="Input Text" owner="SeleniumLibrary">
<msg time="2025-01-09T23:34:21.725665" level="INFO">Typing text 'Mother' into text field 'id=relationship'.</msg>
<arg>id=relationship</arg>
<arg>${RELATIONSHIP}</arg>
<doc>Types the given ``text`` into the text field identified by ``locator``.</doc>
<status status="PASS" start="2025-01-09T23:34:21.725665" elapsed="0.042884"/>
</kw>
<kw name="Input Text" owner="SeleniumLibrary">
<msg time="2025-01-09T23:34:21.768549" level="INFO">Typing text 'somsong@kkumail.com' into text field 'id=email'.</msg>
<arg>id=email</arg>
<arg>${VALID_EMAIL}</arg>
<doc>Types the given ``text`` into the text field identified by ``locator``.</doc>
<status status="PASS" start="2025-01-09T23:34:21.768549" elapsed="0.054549"/>
</kw>
<kw name="Input Text" owner="SeleniumLibrary">
<msg time="2025-01-09T23:34:21.823098" level="INFO">Typing text '191' into text field 'id=phone'.</msg>
<arg>id=phone</arg>
<arg>${INVALID_PHONE}</arg>
<doc>Types the given ``text`` into the text field identified by ``locator``.</doc>
<status status="PASS" start="2025-01-09T23:34:21.823098" elapsed="0.041889"/>
</kw>
<kw name="Click Button" owner="SeleniumLibrary">
<msg time="2025-01-09T23:34:21.865983" level="INFO">Clicking button 'id=submitButton'.</msg>
<arg>id=submitButton</arg>
<doc>Clicks the button identified by ``locator``.</doc>
<status status="PASS" start="2025-01-09T23:34:21.865983" elapsed="0.037898"/>
</kw>
<kw name="Page Should Contain" owner="SeleniumLibrary">
<msg time="2025-01-09T23:34:21.974978" level="INFO" html="true">&lt;/td&gt;&lt;/tr&gt;&lt;tr&gt;&lt;td colspan="3"&gt;&lt;a href="selenium-screenshot-27.png"&gt;&lt;img src="selenium-screenshot-27.png" width="800px"&gt;&lt;/a&gt;</msg>
<msg time="2025-01-09T23:34:21.974978" level="FAIL">Page should have contained text '*Please enter a valid phone number, e.g., 081-234-5678, 081 234 5678, or 081.234.5678.' but did not.</msg>
<arg>${ERROR_MSG_PHONE}</arg>
<doc>Verifies that current page contains ``text``.</doc>
<status status="FAIL" start="2025-01-09T23:34:21.904879" elapsed="0.071096">Page should have contained text '*Please enter a valid phone number, e.g., 081-234-5678, 081 234 5678, or 081.234.5678.' but did not.</status>
</kw>
<kw name="Close Browser" owner="SeleniumLibrary">
<doc>Closes the current browser.</doc>
<status status="NOT RUN" start="2025-01-09T23:34:21.975975" elapsed="0.000000"/>
</kw>
<doc>ทดสอบเมื่อกรอกข้อมูล Phone Number ไม่ถูกต้อง และตรวจสอบข้อความแสดงข้อผิดพลาด</doc>
<status status="FAIL" start="2025-01-09T23:34:21.530859" elapsed="0.446113">Page should have contained text '*Please enter a valid phone number, e.g., 081-234-5678, 081 234 5678, or 081.234.5678.' but did not.</status>
</test>
<status status="FAIL" start="2025-01-09T23:34:09.884070" elapsed="12.093909"/>
</suite>
<statistics>
<total>
<stat pass="2" fail="5" skip="0">All Tests</stat>
</total>
<tag>
</tag>
<suite>
<stat pass="2" fail="5" skip="0" id="s1" name="Form">Form</stat>
</suite>
</statistics>
<errors>
</errors>
</robot>
